[debug] [2023-06-20T03:12:58.283Z] ----------------------------------------------------------------------
[debug] [2023-06-20T03:12:58.286Z] Command:       /usr/local/bin/node /usr/local/bin/firebase init
[debug] [2023-06-20T03:12:58.286Z] CLI Version:   12.4.0
[debug] [2023-06-20T03:12:58.287Z] Platform:      darwin
[debug] [2023-06-20T03:12:58.287Z] Node Version:  v16.14.2
[debug] [2023-06-20T03:12:58.297Z] Time:          Tue Jun 20 2023 10:12:58 GMT+0700 (Indochina Time)
[debug] [2023-06-20T03:12:58.297Z] ----------------------------------------------------------------------
[debug] 
[debug] [2023-06-20T03:12:58.303Z] > command requires scopes: ["email","openid","https://www.googleapis.com/auth/cloudplatformprojects.readonly","https://www.googleapis.com/auth/firebase","https://www.googleapis.com/auth/cloud-platform"]
[debug] [2023-06-20T03:12:58.304Z] > authorizing via signed-in user (kimheang135@gmail.com)
[info] 
     ######## #### ########  ######## ########     ###     ######  ########
     ##        ##  ##     ## ##       ##     ##  ##   ##  ##       ##
     ######    ##  ########  ######   ########  #########  ######  ######
     ##        ##  ##    ##  ##       ##     ## ##     ##       ## ##
     ##       #### ##     ## ######## ########  ##     ##  ######  ########

You're about to initialize a Firebase project in this directory:

  /Users/kimheangborn/VueJS/auth-01-starting-project

[info] 
=== Project Setup
[info] 
[info] First, let's associate this project directory with a Firebase project.
[info] You can create multiple project aliases by running firebase use --add, 
[info] but for now we'll just set up a default project.
[info] 
[debug] [2023-06-20T03:22:33.956Z] >>> [apiv2][query] GET https://firebase.googleapis.com/v1beta1/projects pageSize=100
[debug] [2023-06-20T03:22:34.944Z] <<< [apiv2][status] GET https://firebase.googleapis.com/v1beta1/projects 200
[debug] [2023-06-20T03:22:34.944Z] <<< [apiv2][body] GET https://firebase.googleapis.com/v1beta1/projects [omitted]
[info] i  Using project vue-http-demo-d75bb (vue-http-demo) 
[info] 
=== Hosting Setup
[info] 
[info] Your public directory is the folder (relative to your project directory) that
[info] will contain Hosting assets to be uploaded with firebase deploy. If you
[info] have a build process for your assets, use your build's output directory.
[info] 
[debug] [2023-06-20T03:29:02.812Z] >>> [apiv2][query] GET https://www.gstatic.com/firebasejs/releases.json [none]
[debug] [2023-06-20T03:29:03.079Z] <<< [apiv2][status] GET https://www.gstatic.com/firebasejs/releases.json 200
[debug] [2023-06-20T03:29:03.082Z] <<< [apiv2][body] GET https://www.gstatic.com/firebasejs/releases.json {"current":{"version":"9.22.2","browserURL":"https://www.gstatic.com/firebasejs/9.22.2/firebase.js","packageURL":"https://www.gstatic.com/firebasejs/9.22.2/firebase.tgz"},"live":{"version":"9.22","browserURL":"https://www.gstatic.com/firebasejs/live/9.22/firebase.js","packageURL":"https://www.gstatic.com/firebasejs/live/9.22/firebase.tgz"},"components":{"analytics":"https://www.gstatic.com/firebasejs/9.22.2/firebase-analytics.js","app":"https://www.gstatic.com/firebasejs/9.22.2/firebase-app.js","app-check":"https://www.gstatic.com/firebasejs/9.22.2/firebase-app-check.js","auth":"https://www.gstatic.com/firebasejs/9.22.2/firebase-auth.js","auth/cordova":"https://www.gstatic.com/firebasejs/9.22.2/firebase-auth/cordova.js","auth/react-native":"https://www.gstatic.com/firebasejs/9.22.2/firebase-auth/react-native.js","functions":"https://www.gstatic.com/firebasejs/9.22.2/firebase-functions.js","firestore":"https://www.gstatic.com/firebasejs/9.22.2/firebase-firestore.js","firestore/lite":"https://www.gstatic.com/firebasejs/9.22.2/firebase-firestore/lite.js","installations":"https://www.gstatic.com/firebasejs/9.22.2/firebase-installations.js","storage":"https://www.gstatic.com/firebasejs/9.22.2/firebase-storage.js","performance":"https://www.gstatic.com/firebasejs/9.22.2/firebase-performance.js","remote-config":"https://www.gstatic.com/firebasejs/9.22.2/firebase-remote-config.js","messaging":"https://www.gstatic.com/firebasejs/9.22.2/firebase-messaging.js","messaging/sw":"https://www.gstatic.com/firebasejs/9.22.2/firebase-messaging/sw.js","database":"https://www.gstatic.com/firebasejs/9.22.2/firebase-database.js","firestore.memory":"https://www.gstatic.com/firebasejs/9.22.2/firebase-firestore.memory.js"}}
[info] i  Skipping write of dist/index.html 
[info] 
[info] i  Detected a .git folder at /Users/kimheangborn/VueJS/auth-01-starting-project 
[info] i  Authorizing with GitHub to upload your service account to a GitHub repository's secrets store. 
[info] 
[info] Visit this URL on this device to log in:
[info] https://github.com/login/oauth/authorize?client_id=89cf50f02ac6aaed3484&state=367589229&redirect_uri=http%3A%2F%2Flocalhost%3A9005&scope=read%3Auser%20repo%20public_repo
[info] 
[info] Waiting for authentication...
[debug] [2023-06-20T03:29:55.516Z] >>> [apiv2][query] POST https://github.com/login/oauth/access_token [none]
[debug] [2023-06-20T03:29:55.516Z] >>> [apiv2][body] POST https://github.com/login/oauth/access_token [stream]
[debug] [2023-06-20T03:29:56.195Z] <<< [apiv2][status] POST https://github.com/login/oauth/access_token 200
[debug] [2023-06-20T03:29:56.195Z] <<< [apiv2][body] POST https://github.com/login/oauth/access_token {"access_token":"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","token_type":"bearer","scope":"read:user,repo"}
[debug] [2023-06-20T03:29:56.274Z] >>> [apiv2][query] GET https://api.github.com/user [none]
[debug] [2023-06-20T03:29:57.107Z] <<< [apiv2][status] GET https://api.github.com/user 200
[debug] [2023-06-20T03:29:57.108Z] <<< [apiv2][body] GET https://api.github.com/user {"login":"kimheang-born","id":60006545,"node_id":"MDQ6VXNlcjYwMDA2NTQ1","avatar_url":"https://avatars.githubusercontent.com/u/60006545?v=4","gravatar_id":"","url":"https://api.github.com/users/kimheang-born","html_url":"https://github.com/kimheang-born","followers_url":"https://api.github.com/users/kimheang-born/followers","following_url":"https://api.github.com/users/kimheang-born/following{/other_user}","gists_url":"https://api.github.com/users/kimheang-born/gists{/gist_id}","starred_url":"https://api.github.com/users/kimheang-born/starred{/owner}{/repo}","subscriptions_url":"https://api.github.com/users/kimheang-born/subscriptions","organizations_url":"https://api.github.com/users/kimheang-born/orgs","repos_url":"https://api.github.com/users/kimheang-born/repos","events_url":"https://api.github.com/users/kimheang-born/events{/privacy}","received_events_url":"https://api.github.com/users/kimheang-born/received_events","type":"User","site_admin":false,"name":null,"company":null,"blog":"","location":null,"email":null,"hireable":null,"bio":null,"twitter_username":null,"public_repos":18,"public_gists":0,"followers":0,"following":0,"created_at":"2020-01-17T14:31:59Z","updated_at":"2023-04-19T02:58:44Z","private_gists":0,"total_private_repos":8,"owned_private_repos":8,"disk_usage":98860,"collaborators":0,"two_factor_authentication":false,"plan":{"name":"free","space":976562499,"collaborators":0,"private_repos":10000}}
[info] 
[info] ✔  Success! Logged into GitHub as kimheang-born 
[info] 
